<?xml version="1.0" encoding="UTF-8"?>
<!-- Generated by org.testng.reporters.JUnitXMLReporter -->
<testsuite ignored="4" hostname="ORLANDO-Win10" failures="0" tests="9" name="invalidEmailCarEnquireNowFormFirefoxTest" time="33.295" errors="0" timestamp="2023-11-16T03:49:16 WET">
  <testcase classname="com.mercedesbenz.shop.ShopHomePageTests" name="acceptCookiesTest" time="1.019"/>
  <testcase classname="com.mercedesbenz.shop.ShopHomePageTests" name="fillLocationFormTest" time="3.017"/>
  <testcase classname="com.mercedesbenz.shop.ShopHomePageTests" name="openCarFilterFormTest" time="0.963"/>
  <testcase classname="com.mercedesbenz.shop.ShopHomePageTests" name="fillCarFilterFormTest" time="7.435"/>
  <testcase classname="com.mercedesbenz.shop.ShopHomePageTests" name="sortingCarFilterTest" time="0.387"/>
  <testcase classname="com.mercedesbenz.shop.ShopHomePageTests" name="selectFirstCarAvailableTest" time="2.736"/>
  <testcase classname="com.mercedesbenz.shop.ShopCarExplorerTests" name="getCarTechDetailTest" time="0.257"/>
  <testcase classname="com.mercedesbenz.shop.ShopCarExplorerTests" name="openEnquireNowFormTest" time="2.038"/>
  <testcase classname="com.mercedesbenz.shop.ShopCarExplorerTests" name="fillEnquireNowCarFormNegativeTest" time="1.726"/>
  <testcase classname="com.mercedesbenz.shop.ShopCarSetupTests" name="@AfterTest tearDown" time="0.0">
    <ignored/>
  </testcase> <!-- @AfterTest tearDown -->
  <testcase classname="com.mercedesbenz.shop.ShopCarSetupTests" name="@BeforeTest setUp" time="0.0">
    <ignored/>
  </testcase> <!-- @BeforeTest setUp -->
  <testcase classname="com.mercedesbenz.shop.ShopCarSetupTests" name="@AfterTest tearDown" time="0.0">
    <ignored/>
  </testcase> <!-- @AfterTest tearDown -->
  <testcase classname="com.mercedesbenz.shop.ShopCarSetupTests" name="@BeforeTest setUp" time="0.0">
    <ignored/>
  </testcase> <!-- @BeforeTest setUp -->
</testsuite> <!-- invalidEmailCarEnquireNowFormFirefoxTest -->
