<?xml version="1.0" encoding="UTF-8"?>
<!-- Generated by org.testng.reporters.JUnitXMLReporter -->
<testsuite ignored="4" hostname="ORLANDO-Win10" failures="0" tests="9" name="invalidEmailCarEnquireNowFormTest" time="18.701" errors="0" timestamp="2023-11-15T00:04:57 WET">
  <testcase classname="com.mercedesbenz.shop.ShopHomePageTests" name="acceptCookiesTest" time="1.447"/>
  <testcase classname="com.mercedesbenz.shop.ShopHomePageTests" name="fillLocationFormTest" time="2.138"/>
  <testcase classname="com.mercedesbenz.shop.ShopHomePageTests" name="openCarFilterFormTest" time="1.484"/>
  <testcase classname="com.mercedesbenz.shop.ShopHomePageTests" name="fillCarFilterFormTest" time="7.936"/>
  <testcase classname="com.mercedesbenz.shop.ShopHomePageTests" name="sortingCarFilterTest" time="1.2"/>
  <testcase classname="com.mercedesbenz.shop.ShopHomePageTests" name="selectFirstCarAvailableTest" time="1.773"/>
  <testcase classname="com.mercedesbenz.shop.ShopCarExplorerTests" name="getCarTechDetailTest" time="0.385"/>
  <testcase classname="com.mercedesbenz.shop.ShopCarExplorerTests" name="openEnquireNowFormTest" time="1.283"/>
  <testcase classname="com.mercedesbenz.shop.ShopCarExplorerTests" name="fillEnquireNowCarFormNegativeTest" time="1.015"/>
  <testcase classname="com.mercedesbenz.shop.ShopCarSetupTests" name="@BeforeSuite setUp" time="0.0">
    <ignored/>
  </testcase> <!-- @BeforeSuite setUp -->
  <testcase classname="com.mercedesbenz.shop.ShopCarSetupTests" name="@AfterSuite tearDown" time="0.0">
    <ignored/>
  </testcase> <!-- @AfterSuite tearDown -->
  <testcase classname="com.mercedesbenz.shop.ShopCarSetupTests" name="@AfterSuite tearDown" time="0.0">
    <ignored/>
  </testcase> <!-- @AfterSuite tearDown -->
  <testcase classname="com.mercedesbenz.shop.ShopCarSetupTests" name="@BeforeSuite setUp" time="0.0">
    <ignored/>
  </testcase> <!-- @BeforeSuite setUp -->
</testsuite> <!-- invalidEmailCarEnquireNowFormTest -->
