<?xml version="1.0" encoding="UTF-8"?>
<!-- Generated by org.testng.reporters.JUnitXMLReporter -->
<testsuite ignored="1" hostname="ORLANDO-Win10" failures="0" tests="1" name="fillLocationFormTest" time="17.961" errors="0" timestamp="2023-11-12T16:04:57 WET">
  <testcase classname="com.mercedesbenz.shop.ShopHomePageTests" name="fillLocationFormTest" time="4.052"/>
  <testcase classname="com.mercedesbenz.shop.ShopHomePageTests" name="acceptCookiesTest" time="0.0">
    <ignored/>
  </testcase> <!-- acceptCookiesTest -->
</testsuite> <!-- fillLocationFormTest -->
