<?xml version="1.0" encoding="UTF-8"?>
<!-- Generated by org.testng.reporters.JUnitXMLReporter -->
<testsuite ignored="6" hostname="ORLANDO-Win10" failures="0" tests="1" name="getCarTechDetailTest2" time="0.034" errors="0" timestamp="2023-11-13T03:04:51 WET">
  <testcase classname="com.mercedesbenz.shop.ShopHomePageTests" name="getCarTechDetailTest" time="0.028"/>
  <testcase classname="com.mercedesbenz.shop.ShopHomePageTests" name="sortingCarFilterTest" time="0.0">
    <ignored/>
  </testcase> <!-- sortingCarFilterTest -->
  <testcase classname="com.mercedesbenz.shop.ShopHomePageTests" name="fillLocationFormTest" time="0.0">
    <ignored/>
  </testcase> <!-- fillLocationFormTest -->
  <testcase classname="com.mercedesbenz.shop.ShopHomePageTests" name="selectFirstCarAvailableTest" time="0.0">
    <ignored/>
  </testcase> <!-- selectFirstCarAvailableTest -->
  <testcase classname="com.mercedesbenz.shop.ShopHomePageTests" name="openCarFilterFormTest" time="0.0">
    <ignored/>
  </testcase> <!-- openCarFilterFormTest -->
  <testcase classname="com.mercedesbenz.shop.ShopHomePageTests" name="fillCarFilterFormTest" time="0.0">
    <ignored/>
  </testcase> <!-- fillCarFilterFormTest -->
  <testcase classname="com.mercedesbenz.shop.ShopHomePageTests" name="acceptCookiesTest" time="0.0">
    <ignored/>
  </testcase> <!-- acceptCookiesTest -->
</testsuite> <!-- getCarTechDetailTest2 -->
