<?xml version="1.0" encoding="UTF-8"?>
<!-- Generated by org.testng.reporters.JUnitXMLReporter -->
<testsuite ignored="4" hostname="ORLANDO-Win10" failures="0" tests="9" name="invalidEmailCarEnquireNowFormChromeTest" time="32.804" errors="0" timestamp="2023-11-16T03:25:40 WET">
  <testcase classname="com.mercedesbenz.shop.ShopHomePageTests" name="acceptCookiesTest" time="1.162"/>
  <testcase classname="com.mercedesbenz.shop.ShopHomePageTests" name="fillLocationFormTest" time="2.508"/>
  <testcase classname="com.mercedesbenz.shop.ShopHomePageTests" name="openCarFilterFormTest" time="0.414"/>
  <testcase classname="com.mercedesbenz.shop.ShopHomePageTests" name="fillCarFilterFormTest" time="8.938"/>
  <testcase classname="com.mercedesbenz.shop.ShopHomePageTests" name="sortingCarFilterTest" time="0.871"/>
  <testcase classname="com.mercedesbenz.shop.ShopHomePageTests" name="selectFirstCarAvailableTest" time="2.176"/>
  <testcase classname="com.mercedesbenz.shop.ShopCarExplorerTests" name="getCarTechDetailTest" time="0.613"/>
  <testcase classname="com.mercedesbenz.shop.ShopCarExplorerTests" name="openEnquireNowFormTest" time="1.995"/>
  <testcase classname="com.mercedesbenz.shop.ShopCarExplorerTests" name="fillEnquireNowCarFormNegativeTest" time="0.882"/>
  <testcase classname="com.mercedesbenz.shop.ShopCarSetupTests" name="@BeforeTest setUp" time="0.0">
    <ignored/>
  </testcase> <!-- @BeforeTest setUp -->
  <testcase classname="com.mercedesbenz.shop.ShopCarSetupTests" name="@AfterTest tearDown" time="0.0">
    <ignored/>
  </testcase> <!-- @AfterTest tearDown -->
  <testcase classname="com.mercedesbenz.shop.ShopCarSetupTests" name="@BeforeTest setUp" time="0.0">
    <ignored/>
  </testcase> <!-- @BeforeTest setUp -->
  <testcase classname="com.mercedesbenz.shop.ShopCarSetupTests" name="@AfterTest tearDown" time="0.0">
    <ignored/>
  </testcase> <!-- @AfterTest tearDown -->
</testsuite> <!-- invalidEmailCarEnquireNowFormChromeTest -->
