<?xml version="1.0" encoding="UTF-8"?>
<!-- Generated by org.testng.reporters.JUnitXMLReporter -->
<testsuite ignored="4" hostname="ORLANDO-Win10" failures="0" tests="9" name="invalidEmailCarEnquireNowFormTest" time="18.206" errors="0" timestamp="2023-11-15T01:18:54 WET">
  <testcase classname="com.mercedesbenz.shop.ShopHomePageTests" name="acceptCookiesTest" time="1.511"/>
  <testcase classname="com.mercedesbenz.shop.ShopHomePageTests" name="fillLocationFormTest" time="2.304"/>
  <testcase classname="com.mercedesbenz.shop.ShopHomePageTests" name="openCarFilterFormTest" time="0.286"/>
  <testcase classname="com.mercedesbenz.shop.ShopHomePageTests" name="fillCarFilterFormTest" time="7.914"/>
  <testcase classname="com.mercedesbenz.shop.ShopHomePageTests" name="sortingCarFilterTest" time="1.179"/>
  <testcase classname="com.mercedesbenz.shop.ShopHomePageTests" name="selectFirstCarAvailableTest" time="1.66"/>
  <testcase classname="com.mercedesbenz.shop.ShopCarExplorerTests" name="getCarTechDetailTest" time="0.892"/>
  <testcase classname="com.mercedesbenz.shop.ShopCarExplorerTests" name="openEnquireNowFormTest" time="1.227"/>
  <testcase classname="com.mercedesbenz.shop.ShopCarExplorerTests" name="fillEnquireNowCarFormNegativeTest" time="1.153"/>
  <testcase classname="com.mercedesbenz.shop.ShopCarSetupTests" name="@BeforeSuite setUp" time="0.0">
    <ignored/>
  </testcase> <!-- @BeforeSuite setUp -->
  <testcase classname="com.mercedesbenz.shop.ShopCarSetupTests" name="@AfterSuite tearDown" time="0.0">
    <ignored/>
  </testcase> <!-- @AfterSuite tearDown -->
  <testcase classname="com.mercedesbenz.shop.ShopCarSetupTests" name="@BeforeSuite setUp" time="0.0">
    <ignored/>
  </testcase> <!-- @BeforeSuite setUp -->
  <testcase classname="com.mercedesbenz.shop.ShopCarSetupTests" name="@AfterSuite tearDown" time="0.0">
    <ignored/>
  </testcase> <!-- @AfterSuite tearDown -->
</testsuite> <!-- invalidEmailCarEnquireNowFormTest -->
