<?xml version="1.0" encoding="UTF-8"?>
<!-- Generated by org.testng.reporters.JUnitXMLReporter -->
<testsuite ignored="9" hostname="ORLANDO-Win10" failures="0" tests="0" time="0.023" errors="0" timestamp="2023-11-13T22:01:05 WET">
  <testcase classname="com.mercedesbenz.shop.ShopHomePageTests" name="selectFirstCarAvailableTest" time="0.0">
    <ignored/>
  </testcase> <!-- selectFirstCarAvailableTest -->
  <testcase classname="com.mercedesbenz.shop.ShopHomePageTests" name="getCarTechDetailTest" time="0.0">
    <ignored/>
  </testcase> <!-- getCarTechDetailTest -->
  <testcase classname="com.mercedesbenz.shop.ShopHomePageTests" name="openCarFilterFormTest" time="0.0">
    <ignored/>
  </testcase> <!-- openCarFilterFormTest -->
  <testcase classname="com.mercedesbenz.shop.ShopHomePageTests" name="fillCarFilterFormTest" time="0.0">
    <ignored/>
  </testcase> <!-- fillCarFilterFormTest -->
  <testcase classname="com.mercedesbenz.shop.ShopHomePageTests" name="acceptCookiesTest" time="0.0">
    <ignored/>
  </testcase> <!-- acceptCookiesTest -->
  <testcase classname="com.mercedesbenz.shop.ShopHomePageTests" name="fillEnquireNowCarFormNegativeTest" time="0.0">
    <ignored/>
  </testcase> <!-- fillEnquireNowCarFormNegativeTest -->
  <testcase classname="com.mercedesbenz.shop.ShopHomePageTests" name="sortingCarFilterTest" time="0.0">
    <ignored/>
  </testcase> <!-- sortingCarFilterTest -->
  <testcase classname="com.mercedesbenz.shop.ShopHomePageTests" name="openEnquireNowFormTest" time="0.0">
    <ignored/>
  </testcase> <!-- openEnquireNowFormTest -->
  <testcase classname="com.mercedesbenz.shop.ShopHomePageTests" name="fillLocationFormTest" time="0.0">
    <ignored/>
  </testcase> <!-- fillLocationFormTest -->
</testsuite>
