<?xml version="1.0" encoding="UTF-8"?>
<testsuite xmlns:xsi="http://www.w3.org/2001/XMLSchema-instance" xsi:noNamespaceSchemaLocation="https://maven.apache.org/surefire/maven-surefire-plugin/xsd/surefire-test-report-3.0.xsd" version="3.0" name="TestSuite" time="66.169" tests="18" errors="0" skipped="0" failures="0">
  <properties>
[...]
</properties>
  <testcase name="acceptCookiesTest[The cookies message is still being displayed.](1)" classname="com.mercedesbenz.shop.ShopHomePageTests" time="1.347">
    <system-out><![CDATA[Browser started
Page is opened
acceptCookiesTest started
acceptCookiesTest finished
]]></system-out>
    <system-err><![CDATA[SLF4J: Failed to load class "org.slf4j.impl.StaticLoggerBinder".
SLF4J: Defaulting to no-operation (NOP) logger implementation
SLF4J: See http://www.slf4j.org/codes.html#StaticLoggerBinder for further details.
nov. 16, 2023 3:48:12 DA MANHÃ org.openqa.selenium.devtools.CdpVersionFinder findNearestMatch
WARNING: Unable to find an exact match for CDP version 119, returning the closest version; found: 118; Please update to a Selenium version that supports CDP version 119
]]></system-err>
  </testcase>
  <testcase name="acceptCookiesTest[The cookies message is still being displayed.](1)" classname="com.mercedesbenz.shop.ShopHomePageTests" time="1.01">
    <system-out><![CDATA[Browser started
Page is opened
acceptCookiesTest started
acceptCookiesTest finished
]]></system-out>
  </testcase>
  <testcase name="fillLocationFormTest[New South Wales, 2007, Private, The location form is still being displayed.](1)" classname="com.mercedesbenz.shop.ShopHomePageTests" time="2.169">
    <system-out><![CDATA[fillLocationFormTest started
fillLocationFormTest finished
]]></system-out>
  </testcase>
  <testcase name="fillLocationFormTest[New South Wales, 2007, Private, The location form is still being displayed.](1)" classname="com.mercedesbenz.shop.ShopHomePageTests" time="3.033">
    <system-out><![CDATA[fillLocationFormTest started
fillLocationFormTest finished
]]></system-out>
  </testcase>
  <testcase name="openCarFilterFormTest[The car filter form is not being displayed.](1)" classname="com.mercedesbenz.shop.ShopHomePageTests" time="1.168">
    <system-out><![CDATA[openCarFilterFormTest started
openCarFilterFormTest finished
]]></system-out>
  </testcase>
  <testcase name="openCarFilterFormTest[The car filter form is not being displayed.](1)" classname="com.mercedesbenz.shop.ShopHomePageTests" time="0.952">
    <system-out><![CDATA[openCarFilterFormTest started
openCarFilterFormTest finished
]]></system-out>
  </testcase>
  <testcase name="fillCarFilterFormTest" classname="com.mercedesbenz.shop.ShopHomePageTests" time="8.104">
    <system-out><![CDATA[fillCarFilterFormTest started
fillCarFilterFormTest finished
]]></system-out>
  </testcase>
  <testcase name="fillCarFilterFormTest" classname="com.mercedesbenz.shop.ShopHomePageTests" time="7.433">
    <system-out><![CDATA[fillCarFilterFormTest started
fillCarFilterFormTest finished
]]></system-out>
  </testcase>
  <testcase name="sortingCarFilterTest[Price (descending)](1)" classname="com.mercedesbenz.shop.ShopHomePageTests" time="0.972">
    <system-out><![CDATA[sortingCarFilterTest started
sortingCarFilterTest finished
]]></system-out>
  </testcase>
  <testcase name="sortingCarFilterTest[Price (descending)](1)" classname="com.mercedesbenz.shop.ShopHomePageTests" time="0.393">
    <system-out><![CDATA[sortingCarFilterTest started
sortingCarFilterTest finished
]]></system-out>
  </testcase>
  <testcase name="selectFirstCarAvailableTest" classname="com.mercedesbenz.shop.ShopHomePageTests" time="1.808">
    <system-out><![CDATA[selectFirstCarAvailableTest started
selectFirstCarAvailableTest finished
]]></system-out>
  </testcase>
  <testcase name="selectFirstCarAvailableTest" classname="com.mercedesbenz.shop.ShopHomePageTests" time="2.736">
    <system-out><![CDATA[selectFirstCarAvailableTest started
selectFirstCarAvailableTest finished
]]></system-out>
  </testcase>
  <testcase name="getCarTechDetailTest[VIN;Model Year, ./test-file-output/output.txt](1)" classname="com.mercedesbenz.shop.ShopCarExplorerTests" time="0.345">
    <system-out><![CDATA[getCarTechDetailTest started
Model Year:2019
VIN:WDC2539462V148681
getCarTechDetailTest finished
]]></system-out>
  </testcase>
  <testcase name="getCarTechDetailTest[VIN;Model Year, ./test-file-output/output.txt](1)" classname="com.mercedesbenz.shop.ShopCarExplorerTests" time="0.259">
    <system-out><![CDATA[getCarTechDetailTest started
Model Year:2019
VIN:WDC2539462V148681
getCarTechDetailTest finished
]]></system-out>
  </testcase>
  <testcase name="openEnquireNowFormTest[The Enquire Now form is not being displayed.](1)" classname="com.mercedesbenz.shop.ShopCarExplorerTests" time="1.82">
    <system-out><![CDATA[openEnquireNowFormTest started
openEnquireNowFormTest finished
]]></system-out>
  </testcase>
  <testcase name="openEnquireNowFormTest[The Enquire Now form is not being displayed.](1)" classname="com.mercedesbenz.shop.ShopCarExplorerTests" time="2.037">
    <system-out><![CDATA[openEnquireNowFormTest started
openEnquireNowFormTest finished
]]></system-out>
  </testcase>
  <testcase name="fillEnquireNowCarFormNegativeTest[John, Doe, jonh.doe.gmail.com, 0441234567, 2007, test, true, true, true, true, Please check the data you entered.](1)" classname="com.mercedesbenz.shop.ShopCarExplorerTests" time="0.897">
    <system-out><![CDATA[fillEnquireNowCarFormNegativeTest started
fillEnquireNowCarFormNegativeTest finished
]]></system-out>
  </testcase>
  <testcase name="fillEnquireNowCarFormNegativeTest[John, Doe, jonh.doe.gmail.com, 0441234567, 2007, test, true, true, true, true, Please check the data you entered.](1)" classname="com.mercedesbenz.shop.ShopCarExplorerTests" time="1.745">
    <system-out><![CDATA[fillEnquireNowCarFormNegativeTest started
fillEnquireNowCarFormNegativeTest finished
]]></system-out>
  </testcase>
</testsuite>