<?xml version="1.0" encoding="UTF-8"?>
<!-- Generated by org.testng.reporters.JUnitXMLReporter -->
<testsuite ignored="1" hostname="ORLANDO-Win10" failures="0" tests="1" name="acceptCookiesChromeTest" time="12.42" errors="0" timestamp="2023-11-12T15:54:43 WET">
  <testcase classname="com.mercedesbenz.shop.ShopHomePageTests" name="acceptCookiesTest" time="0.947"/>
  <testcase classname="com.mercedesbenz.shop.ShopHomePageTests" name="fillLocationFormTest" time="0.0">
    <ignored/>
  </testcase> <!-- fillLocationFormTest -->
</testsuite> <!-- acceptCookiesChromeTest -->
