<?xml version="1.0" encoding="UTF-8"?>
<!-- Generated by org.testng.reporters.JUnitXMLReporter -->
<testsuite ignored="0" hostname="ORLANDO-Win10" failures="0" tests="7" name="findVinNumberAndModelYearTest" time="23.221" errors="0" timestamp="2023-11-13T02:32:43 WET">
  <testcase classname="com.mercedesbenz.shop.ShopHomePageTests" name="acceptCookiesTest" time="1.089"/>
  <testcase classname="com.mercedesbenz.shop.ShopHomePageTests" name="fillLocationFormTest" time="2.374"/>
  <testcase classname="com.mercedesbenz.shop.ShopHomePageTests" name="openCarFilterFormTest" time="0.277"/>
  <testcase classname="com.mercedesbenz.shop.ShopHomePageTests" name="fillCarFilterFormTest" time="7.695"/>
  <testcase classname="com.mercedesbenz.shop.ShopHomePageTests" name="sortingCarFilterTest" time="0.968"/>
  <testcase classname="com.mercedesbenz.shop.ShopHomePageTests" name="selectFirstCarAvailableTest" time="10.657"/>
  <testcase classname="com.mercedesbenz.shop.ShopHomePageTests" name="findVinNumberAndModelYearTest" time="0.126"/>
</testsuite> <!-- findVinNumberAndModelYearTest -->
