<?xml version="1.0" encoding="UTF-8"?>
<!-- Generated by org.testng.reporters.JUnitXMLReporter -->
<testsuite ignored="0" hostname="ORLANDO-Win10" failures="0" tests="8" name="getCarTechDetailTest" time="35.988" errors="0" timestamp="2023-11-13T16:36:29 WET">
  <testcase classname="com.mercedesbenz.shop.ShopHomePageTests" name="acceptCookiesTest" time="1.298"/>
  <testcase classname="com.mercedesbenz.shop.ShopHomePageTests" name="fillLocationFormTest" time="2.96"/>
  <testcase classname="com.mercedesbenz.shop.ShopHomePageTests" name="openCarFilterFormTest" time="1.253"/>
  <testcase classname="com.mercedesbenz.shop.ShopHomePageTests" name="fillCarFilterFormTest" time="7.229"/>
  <testcase classname="com.mercedesbenz.shop.ShopHomePageTests" name="sortingCarFilterTest" time="1.09"/>
  <testcase classname="com.mercedesbenz.shop.ShopHomePageTests" name="selectFirstCarAvailableTest" time="10.69"/>
  <testcase classname="com.mercedesbenz.shop.ShopHomePageTests" name="getCarTechDetailTest" time="0.314"/>
  <testcase classname="com.mercedesbenz.shop.ShopHomePageTests" name="openEnquireNowFormTest" time="11.094"/>
</testsuite> <!-- getCarTechDetailTest -->
