<?xml version="1.0" encoding="UTF-8"?>
<testng-results ignored="0" total="18" passed="18" failed="0" skipped="0">
  <reporter-output>
  </reporter-output>
  <suite started-at="2023-11-16T03:25:08 WET" name="ShopHomePageTestsSuite" finished-at="2023-11-16T03:26:13 WET" duration-ms="65481">
    <groups>
    </groups>
    <test started-at="2023-11-16T03:25:08 WET" name="invalidEmailCarEnquireNowFormChromeTest" finished-at="2023-11-16T03:25:40 WET" duration-ms="32804">
      <class name="com.mercedesbenz.shop.ShopCarExplorerTests">
        <test-method signature="getCarTechDetailTest(java.lang.String,java.lang.String)[pri:0, instance:com.mercedesbenz.shop.ShopCarExplorerTests@42a48628]" started-at="2023-11-16T03:25:37 WET" name="getCarTechDetailTest" finished-at="2023-11-16T03:25:37 WET" duration-ms="613" status="PASS">
          <params>
            <param index="0">
              <value>
                <![CDATA[VIN;Model Year]]>
              </value>
            </param>
            <param index="1">
              <value>
                <![CDATA[./test-file-output/output.txt]]>
              </value>
            </param>
          </params>
          <reporter-output>
          </reporter-output>
        </test-method> <!-- getCarTechDetailTest -->
        <test-method signature="openEnquireNowFormTest(java.lang.String)[pri:0, instance:com.mercedesbenz.shop.ShopCarExplorerTests@42a48628]" started-at="2023-11-16T03:25:37 WET" name="openEnquireNowFormTest" finished-at="2023-11-16T03:25:39 WET" duration-ms="1995" status="PASS">
          <params>
            <param index="0">
              <value>
                <![CDATA[The Enquire Now form is not being displayed.]]>
              </value>
            </param>
          </params>
          <reporter-output>
          </reporter-output>
        </test-method> <!-- openEnquireNowFormTest -->
        <test-method signature="fillEnquireNowCarFormNegativeTest(java.lang.String,java.lang.String,java.lang.String,java.lang.String,java.lang.String,java.lang.String,boolean,boolean,boolean,boolean,java.lang.String)[pri:0, instance:com.mercedesbenz.shop.ShopCarExplorerTests@42a48628]" started-at="2023-11-16T03:25:39 WET" name="fillEnquireNowCarFormNegativeTest" finished-at="2023-11-16T03:25:40 WET" duration-ms="882" status="PASS">
          <params>
            <param index="0">
              <value>
                <![CDATA[John]]>
              </value>
            </param>
            <param index="1">
              <value>
                <![CDATA[Doe]]>
              </value>
            </param>
            <param index="2">
              <value>
                <![CDATA[jonh.doe.gmail.com]]>
              </value>
            </param>
            <param index="3">
              <value>
                <![CDATA[0441234567]]>
              </value>
            </param>
            <param index="4">
              <value>
                <![CDATA[2007]]>
              </value>
            </param>
            <param index="5">
              <value>
                <![CDATA[test]]>
              </value>
            </param>
            <param index="6">
              <value>
                <![CDATA[true]]>
              </value>
            </param>
            <param index="7">
              <value>
                <![CDATA[true]]>
              </value>
            </param>
            <param index="8">
              <value>
                <![CDATA[true]]>
              </value>
            </param>
            <param index="9">
              <value>
                <![CDATA[true]]>
              </value>
            </param>
            <param index="10">
              <value>
                <![CDATA[Please check the data you entered.]]>
              </value>
            </param>
          </params>
          <reporter-output>
          </reporter-output>
        </test-method> <!-- fillEnquireNowCarFormNegativeTest -->
      </class> <!-- com.mercedesbenz.shop.ShopCarExplorerTests -->
      <class name="com.mercedesbenz.shop.ShopHomePageTests">
        <test-method signature="acceptCookiesTest(java.lang.String)[pri:0, instance:com.mercedesbenz.shop.ShopHomePageTests@130d63be]" started-at="2023-11-16T03:25:21 WET" name="acceptCookiesTest" finished-at="2023-11-16T03:25:22 WET" duration-ms="1162" status="PASS">
          <params>
            <param index="0">
              <value>
                <![CDATA[The cookies message is still being displayed.]]>
              </value>
            </param>
          </params>
          <reporter-output>
          </reporter-output>
        </test-method> <!-- acceptCookiesTest -->
        <test-method signature="fillLocationFormTest(java.lang.String,java.lang.String,java.lang.String,java.lang.String)[pri:0, instance:com.mercedesbenz.shop.ShopHomePageTests@130d63be]" started-at="2023-11-16T03:25:22 WET" name="fillLocationFormTest" finished-at="2023-11-16T03:25:24 WET" duration-ms="2508" status="PASS">
          <params>
            <param index="0">
              <value>
                <![CDATA[New South Wales]]>
              </value>
            </param>
            <param index="1">
              <value>
                <![CDATA[2007]]>
              </value>
            </param>
            <param index="2">
              <value>
                <![CDATA[Private]]>
              </value>
            </param>
            <param index="3">
              <value>
                <![CDATA[The location form is still being displayed.]]>
              </value>
            </param>
          </params>
          <reporter-output>
          </reporter-output>
        </test-method> <!-- fillLocationFormTest -->
        <test-method signature="openCarFilterFormTest(java.lang.String)[pri:0, instance:com.mercedesbenz.shop.ShopHomePageTests@130d63be]" started-at="2023-11-16T03:25:24 WET" name="openCarFilterFormTest" finished-at="2023-11-16T03:25:25 WET" duration-ms="414" status="PASS">
          <params>
            <param index="0">
              <value>
                <![CDATA[The car filter form is not being displayed.]]>
              </value>
            </param>
          </params>
          <reporter-output>
          </reporter-output>
        </test-method> <!-- openCarFilterFormTest -->
        <test-method signature="fillCarFilterFormTest()[pri:0, instance:com.mercedesbenz.shop.ShopHomePageTests@130d63be]" started-at="2023-11-16T03:25:25 WET" name="fillCarFilterFormTest" finished-at="2023-11-16T03:25:34 WET" duration-ms="8938" status="PASS">
          <reporter-output>
          </reporter-output>
        </test-method> <!-- fillCarFilterFormTest -->
        <test-method signature="sortingCarFilterTest(java.lang.String)[pri:0, instance:com.mercedesbenz.shop.ShopHomePageTests@130d63be]" started-at="2023-11-16T03:25:34 WET" name="sortingCarFilterTest" finished-at="2023-11-16T03:25:35 WET" duration-ms="871" status="PASS">
          <params>
            <param index="0">
              <value>
                <![CDATA[Price (descending)]]>
              </value>
            </param>
          </params>
          <reporter-output>
          </reporter-output>
        </test-method> <!-- sortingCarFilterTest -->
        <test-method signature="selectFirstCarAvailableTest()[pri:0, instance:com.mercedesbenz.shop.ShopHomePageTests@130d63be]" started-at="2023-11-16T03:25:35 WET" name="selectFirstCarAvailableTest" finished-at="2023-11-16T03:25:37 WET" duration-ms="2176" status="PASS">
          <reporter-output>
          </reporter-output>
        </test-method> <!-- selectFirstCarAvailableTest -->
      </class> <!-- com.mercedesbenz.shop.ShopHomePageTests -->
      <class name="com.mercedesbenz.shop.ShopCarSetupTests">
        <test-method is-config="true" signature="setUp(java.lang.String,java.lang.String)[pri:0, instance:com.mercedesbenz.shop.ShopCarSetupTests@2b662a77]" started-at="2023-11-16T03:25:08 WET" name="setUp" finished-at="2023-11-16T03:25:21 WET" duration-ms="12973" status="PASS">
          <params>
            <param index="0">
              <value>
                <![CDATA[https://shop.mercedes-benz.com/en-au/shop/vehicle/srp/demo/]]>
              </value>
            </param>
            <param index="1">
              <value>
                <![CDATA[chrome]]>
              </value>
            </param>
          </params>
          <reporter-output>
          </reporter-output>
        </test-method> <!-- setUp -->
        <test-method is-config="true" signature="tearDown()[pri:0, instance:com.mercedesbenz.shop.ShopCarSetupTests@2b662a77]" started-at="2023-11-16T03:25:40 WET" name="tearDown" finished-at="2023-11-16T03:25:40 WET" duration-ms="203" status="PASS">
          <reporter-output>
          </reporter-output>
        </test-method> <!-- tearDown -->
      </class> <!-- com.mercedesbenz.shop.ShopCarSetupTests -->
    </test> <!-- invalidEmailCarEnquireNowFormChromeTest -->
    <test started-at="2023-11-16T03:25:40 WET" name="invalidEmailCarEnquireNowFormFirefoxTest" finished-at="2023-11-16T03:26:13 WET" duration-ms="32625">
      <class name="com.mercedesbenz.shop.ShopCarExplorerTests">
        <test-method signature="getCarTechDetailTest(java.lang.String,java.lang.String)[pri:0, instance:com.mercedesbenz.shop.ShopCarExplorerTests@62379589]" started-at="2023-11-16T03:26:08 WET" name="getCarTechDetailTest" finished-at="2023-11-16T03:26:09 WET" duration-ms="242" status="PASS">
          <params>
            <param index="0">
              <value>
                <![CDATA[VIN;Model Year]]>
              </value>
            </param>
            <param index="1">
              <value>
                <![CDATA[./test-file-output/output.txt]]>
              </value>
            </param>
          </params>
          <reporter-output>
          </reporter-output>
        </test-method> <!-- getCarTechDetailTest -->
        <test-method signature="openEnquireNowFormTest(java.lang.String)[pri:0, instance:com.mercedesbenz.shop.ShopCarExplorerTests@62379589]" started-at="2023-11-16T03:26:09 WET" name="openEnquireNowFormTest" finished-at="2023-11-16T03:26:11 WET" duration-ms="1892" status="PASS">
          <params>
            <param index="0">
              <value>
                <![CDATA[The Enquire Now form is not being displayed.]]>
              </value>
            </param>
          </params>
          <reporter-output>
          </reporter-output>
        </test-method> <!-- openEnquireNowFormTest -->
        <test-method signature="fillEnquireNowCarFormNegativeTest(java.lang.String,java.lang.String,java.lang.String,java.lang.String,java.lang.String,java.lang.String,boolean,boolean,boolean,boolean,java.lang.String)[pri:0, instance:com.mercedesbenz.shop.ShopCarExplorerTests@62379589]" started-at="2023-11-16T03:26:11 WET" name="fillEnquireNowCarFormNegativeTest" finished-at="2023-11-16T03:26:12 WET" duration-ms="1648" status="PASS">
          <params>
            <param index="0">
              <value>
                <![CDATA[John]]>
              </value>
            </param>
            <param index="1">
              <value>
                <![CDATA[Doe]]>
              </value>
            </param>
            <param index="2">
              <value>
                <![CDATA[jonh.doe.gmail.com]]>
              </value>
            </param>
            <param index="3">
              <value>
                <![CDATA[0441234567]]>
              </value>
            </param>
            <param index="4">
              <value>
                <![CDATA[2007]]>
              </value>
            </param>
            <param index="5">
              <value>
                <![CDATA[test]]>
              </value>
            </param>
            <param index="6">
              <value>
                <![CDATA[true]]>
              </value>
            </param>
            <param index="7">
              <value>
                <![CDATA[true]]>
              </value>
            </param>
            <param index="8">
              <value>
                <![CDATA[true]]>
              </value>
            </param>
            <param index="9">
              <value>
                <![CDATA[true]]>
              </value>
            </param>
            <param index="10">
              <value>
                <![CDATA[Please check the data you entered.]]>
              </value>
            </param>
          </params>
          <reporter-output>
          </reporter-output>
        </test-method> <!-- fillEnquireNowCarFormNegativeTest -->
      </class> <!-- com.mercedesbenz.shop.ShopCarExplorerTests -->
      <class name="com.mercedesbenz.shop.ShopHomePageTests">
        <test-method signature="acceptCookiesTest(java.lang.String)[pri:0, instance:com.mercedesbenz.shop.ShopHomePageTests@3754a4bf]" started-at="2023-11-16T03:25:53 WET" name="acceptCookiesTest" finished-at="2023-11-16T03:25:54 WET" duration-ms="1105" status="PASS">
          <params>
            <param index="0">
              <value>
                <![CDATA[The cookies message is still being displayed.]]>
              </value>
            </param>
          </params>
          <reporter-output>
          </reporter-output>
        </test-method> <!-- acceptCookiesTest -->
        <test-method signature="fillLocationFormTest(java.lang.String,java.lang.String,java.lang.String,java.lang.String)[pri:0, instance:com.mercedesbenz.shop.ShopHomePageTests@3754a4bf]" started-at="2023-11-16T03:25:54 WET" name="fillLocationFormTest" finished-at="2023-11-16T03:25:57 WET" duration-ms="2883" status="PASS">
          <params>
            <param index="0">
              <value>
                <![CDATA[New South Wales]]>
              </value>
            </param>
            <param index="1">
              <value>
                <![CDATA[2007]]>
              </value>
            </param>
            <param index="2">
              <value>
                <![CDATA[Private]]>
              </value>
            </param>
            <param index="3">
              <value>
                <![CDATA[The location form is still being displayed.]]>
              </value>
            </param>
          </params>
          <reporter-output>
          </reporter-output>
        </test-method> <!-- fillLocationFormTest -->
        <test-method signature="openCarFilterFormTest(java.lang.String)[pri:0, instance:com.mercedesbenz.shop.ShopHomePageTests@3754a4bf]" started-at="2023-11-16T03:25:57 WET" name="openCarFilterFormTest" finished-at="2023-11-16T03:25:58 WET" duration-ms="812" status="PASS">
          <params>
            <param index="0">
              <value>
                <![CDATA[The car filter form is not being displayed.]]>
              </value>
            </param>
          </params>
          <reporter-output>
          </reporter-output>
        </test-method> <!-- openCarFilterFormTest -->
        <test-method signature="fillCarFilterFormTest()[pri:0, instance:com.mercedesbenz.shop.ShopHomePageTests@3754a4bf]" started-at="2023-11-16T03:25:58 WET" name="fillCarFilterFormTest" finished-at="2023-11-16T03:26:06 WET" duration-ms="7643" status="PASS">
          <reporter-output>
          </reporter-output>
        </test-method> <!-- fillCarFilterFormTest -->
        <test-method signature="sortingCarFilterTest(java.lang.String)[pri:0, instance:com.mercedesbenz.shop.ShopHomePageTests@3754a4bf]" started-at="2023-11-16T03:26:06 WET" name="sortingCarFilterTest" finished-at="2023-11-16T03:26:06 WET" duration-ms="384" status="PASS">
          <params>
            <param index="0">
              <value>
                <![CDATA[Price (descending)]]>
              </value>
            </param>
          </params>
          <reporter-output>
          </reporter-output>
        </test-method> <!-- sortingCarFilterTest -->
        <test-method signature="selectFirstCarAvailableTest()[pri:0, instance:com.mercedesbenz.shop.ShopHomePageTests@3754a4bf]" started-at="2023-11-16T03:26:06 WET" name="selectFirstCarAvailableTest" finished-at="2023-11-16T03:26:08 WET" duration-ms="2271" status="PASS">
          <reporter-output>
          </reporter-output>
        </test-method> <!-- selectFirstCarAvailableTest -->
      </class> <!-- com.mercedesbenz.shop.ShopHomePageTests -->
      <class name="com.mercedesbenz.shop.ShopCarSetupTests">
        <test-method is-config="true" signature="setUp(java.lang.String,java.lang.String)[pri:0, instance:com.mercedesbenz.shop.ShopCarSetupTests@13c9d689]" started-at="2023-11-16T03:25:40 WET" name="setUp" finished-at="2023-11-16T03:25:53 WET" duration-ms="12843" status="PASS">
          <params>
            <param index="0">
              <value>
                <![CDATA[https://shop.mercedes-benz.com/en-au/shop/vehicle/srp/demo/]]>
              </value>
            </param>
            <param index="1">
              <value>
                <![CDATA[firefox]]>
              </value>
            </param>
          </params>
          <reporter-output>
          </reporter-output>
        </test-method> <!-- setUp -->
        <test-method is-config="true" signature="tearDown()[pri:0, instance:com.mercedesbenz.shop.ShopCarSetupTests@13c9d689]" started-at="2023-11-16T03:26:12 WET" name="tearDown" finished-at="2023-11-16T03:26:13 WET" duration-ms="859" status="PASS">
          <reporter-output>
          </reporter-output>
        </test-method> <!-- tearDown -->
      </class> <!-- com.mercedesbenz.shop.ShopCarSetupTests -->
    </test> <!-- invalidEmailCarEnquireNowFormFirefoxTest -->
  </suite> <!-- ShopHomePageTestsSuite -->
</testng-results>
